This is pdfTeX, Version 3.141592653-2.6-1.40.27 (TeX Live 2025) (preloaded format=pdflatex 2025.5.30)  31 MAY 2025 12:14
entering extended mode
 restricted \write18 enabled.
 %&-line parsing enabled.
**figure1.tex
(./figure1.tex
LaTeX2e <2024-11-01> patch level 2
L3 programming layer <2025-01-18>
(/usr/local/texlive/2025/texmf-dist/tex/latex/standalone/standalone.cls
Document Class: standalone 2025/02/22 v1.5a Class to compile TeX sub-files stan
dalone
(/usr/local/texlive/2025/texmf-dist/tex/latex/tools/shellesc.sty
Package: shellesc 2023/07/08 v1.0d unified shell escape interface for LaTeX
Package shellesc Info: Restricted shell escape enabled on input line 77.
)
(/usr/local/texlive/2025/texmf-dist/tex/generic/iftex/ifluatex.sty
Package: ifluatex 2019/10/25 v1.5 ifluatex legacy package. Use iftex instead.

(/usr/local/texlive/2025/texmf-dist/tex/generic/iftex/iftex.sty
Package: iftex 2024/12/12 v1.0g TeX engine tests
))
(/usr/local/texlive/2025/texmf-dist/tex/latex/xkeyval/xkeyval.sty
Package: xkeyval 2022/06/16 v2.9 package option processing (HA)

(/usr/local/texlive/2025/texmf-dist/tex/generic/xkeyval/xkeyval.tex
(/usr/local/texlive/2025/texmf-dist/tex/generic/xkeyval/xkvutils.tex
\XKV@toks=\toks17
\XKV@tempa@toks=\toks18

(/usr/local/texlive/2025/texmf-dist/tex/generic/xkeyval/keyval.tex))
\XKV@depth=\count196
File: xkeyval.tex 2014/12/03 v2.7a key=value parser (HA)
))
\sa@internal=\count197
\c@sapage=\count198

(/usr/local/texlive/2025/texmf-dist/tex/latex/standalone/standalone.cfg
File: standalone.cfg 2025/02/22 v1.5a Default configuration file for 'standalon
e' class
)
(/usr/local/texlive/2025/texmf-dist/tex/latex/base/article.cls
Document Class: article 2024/06/29 v1.4n Standard LaTeX document class
(/usr/local/texlive/2025/texmf-dist/tex/latex/base/size10.clo
File: size10.clo 2024/06/29 v1.4n Standard LaTeX file (size option)
)
\c@part=\count199
\c@section=\count266
\c@subsection=\count267
\c@subsubsection=\count268
\c@paragraph=\count269
\c@subparagraph=\count270
\c@figure=\count271
\c@table=\count272
\abovecaptionskip=\skip49
\belowcaptionskip=\skip50
\bibindent=\dimen141
)
\sa@box=\box52
)
(/usr/local/texlive/2025/texmf-dist/tex/latex/graphics/graphicx.sty
Package: graphicx 2021/09/16 v1.2d Enhanced LaTeX Graphics (DPC,SPQR)

(/usr/local/texlive/2025/texmf-dist/tex/latex/graphics/graphics.sty
Package: graphics 2024/08/06 v1.4g Standard LaTeX Graphics (DPC,SPQR)

(/usr/local/texlive/2025/texmf-dist/tex/latex/graphics/trig.sty
Package: trig 2023/12/02 v1.11 sin cos tan (DPC)
)
(/usr/local/texlive/2025/texmf-dist/tex/latex/graphics-cfg/graphics.cfg
File: graphics.cfg 2016/06/04 v1.11 sample graphics configuration
)
Package graphics Info: Driver file: pdftex.def on input line 106.

(/usr/local/texlive/2025/texmf-dist/tex/latex/graphics-def/pdftex.def
File: pdftex.def 2024/04/13 v1.2c Graphics/color driver for pdftex
))
\Gin@req@height=\dimen142
\Gin@req@width=\dimen143
)
(/usr/local/texlive/2025/texmf-dist/tex/latex/l3backend/l3backend-pdftex.def
File: l3backend-pdftex.def 2024-05-08 L3 backend support: PDF output (pdfTeX)
\l__color_backend_stack_int=\count273
\l__pdf_internal_box=\box53
)
No file figure1.aux.
\openout1 = `figure1.aux'.

LaTeX Font Info:    Checking defaults for OML/cmm/m/it on input line 3.
LaTeX Font Info:    ... okay on input line 3.
LaTeX Font Info:    Checking defaults for OMS/cmsy/m/n on input line 3.
LaTeX Font Info:    ... okay on input line 3.
LaTeX Font Info:    Checking defaults for OT1/cmr/m/n on input line 3.
LaTeX Font Info:    ... okay on input line 3.
LaTeX Font Info:    Checking defaults for T1/cmr/m/n on input line 3.
LaTeX Font Info:    ... okay on input line 3.
LaTeX Font Info:    Checking defaults for TS1/cmr/m/n on input line 3.
LaTeX Font Info:    ... okay on input line 3.
LaTeX Font Info:    Checking defaults for OMX/cmex/m/n on input line 3.
LaTeX Font Info:    ... okay on input line 3.
LaTeX Font Info:    Checking defaults for U/cmr/m/n on input line 3.
LaTeX Font Info:    ... okay on input line 3.
(/usr/local/texlive/2025/texmf-dist/tex/context/base/mkii/supp-pdf.mkii
[Loading MPS to PDF converter (version 2006.09.02).]
\scratchcounter=\count274
\scratchdimen=\dimen144
\scratchbox=\box54
\nofMPsegments=\count275
\nofMParguments=\count276
\everyMPshowfont=\toks19
\MPscratchCnt=\count277
\MPscratchDim=\dimen145
\MPnumerator=\count278
\makeMPintoPDFobject=\count279
\everyMPtoPDFconversion=\toks20
) (/usr/local/texlive/2025/texmf-dist/tex/latex/epstopdf-pkg/epstopdf-base.sty
Package: epstopdf-base 2020-01-24 v2.11 Base part for package epstopdf
Package epstopdf-base Info: Redefining graphics rule for `.eps' on input line 4
85.

(/usr/local/texlive/2025/texmf-dist/tex/latex/latexconfig/epstopdf-sys.cfg
File: epstopdf-sys.cfg 2010/07/13 v1.3 Configuration of (r)epstopdf for TeX Liv
e
))
<graphics/Median_Cortical_Thickness.png, id=1, 632.3625pt x 478.6683pt>
File: graphics/Median_Cortical_Thickness.png Graphic file (type png)
<use graphics/Median_Cortical_Thickness.png>
Package pdftex.def Info: graphics/Median_Cortical_Thickness.png  used on input 
line 6.
(pdftex.def)             Requested size: 172.5pt x 130.57147pt.
<graphics/stacked_2x2_annotated_legend.png, id=3, 557.6835pt x 479.8728pt>
File: graphics/stacked_2x2_annotated_legend.png Graphic file (type png)
<use graphics/stacked_2x2_annotated_legend.png>
Package pdftex.def Info: graphics/stacked_2x2_annotated_legend.png  used on inp
ut line 10.
(pdftex.def)             Requested size: 155.24895pt x 133.5873pt.
<graphics/neg_log_p_plot.png, id=4, 1068.8733pt x 348.3414pt>
File: graphics/neg_log_p_plot.png Graphic file (type png)
<use graphics/neg_log_p_plot.png>
Package pdftex.def Info: graphics/neg_log_p_plot.png  used on input line 14.
(pdftex.def)             Requested size: 207.0021pt x 67.46121pt.
<graphics/pca.png, id=5, 353.4003pt x 348.3414pt>
File: graphics/pca.png Graphic file (type png)
<use graphics/pca.png>
Package pdftex.def Info: graphics/pca.png  used on input line 18.
(pdftex.def)             Requested size: 59.16919pt x 58.31897pt.
<graphics/pca_clustered.png, id=6, 353.4003pt x 348.3414pt>
File: graphics/pca_clustered.png Graphic file (type png)
<use graphics/pca_clustered.png>
Package pdftex.def Info: graphics/pca_clustered.png  used on input line 19.
(pdftex.def)             Requested size: 59.16919pt x 58.31897pt.
<graphics/heatmap.png, id=7, 875.9124pt x 450.2421pt>
File: graphics/heatmap.png Graphic file (type png)
<use graphics/heatmap.png>
Package pdftex.def Info: graphics/heatmap.png  used on input line 23.
(pdftex.def)             Requested size: 258.75pt x 132.99889pt.
<graphics/linreg_age_mad.png, id=8, 281.853pt x 498.663pt>
File: graphics/linreg_age_mad.png Graphic file (type png)
<use graphics/linreg_age_mad.png>
Package pdftex.def Info: graphics/linreg_age_mad.png  used on input line 27.
(pdftex.def)             Requested size: 68.99895pt x 122.07077pt.


[1


Non-PDF special ignored!
<special> papersize=999.91875pt,145.44841pt
{/usr/local/texlive/2025/texmf-var/fonts/map/pdftex/updmap/pdftex.map} <./graph
ics/Median_Cortical_Thickness.png> <./graphics/stacked_2x2_annotated_legend.png
> <./graphics/neg_log_p_plot.png> <./graphics/pca.png> <./graphics/pca_clustere
d.png> <./graphics/heatmap.png> <./graphics/linreg_age_mad.png>] (./figure1.aux
)
 ***********
LaTeX2e <2024-11-01> patch level 2
L3 programming layer <2025-01-18>
 ***********
 ) 
Here is how much of TeX's memory you used:
 1920 strings out of 473190
 33941 string characters out of 5715800
 421540 words of memory out of 5000000
 25196 multiletter control sequences out of 15000+600000
 559145 words of font info for 37 fonts, out of 8000000 for 9000
 1141 hyphenation exceptions out of 8191
 57i,6n,71p,216b,263s stack positions out of 10000i,1000n,20000p,200000b,200000s
</usr/local/texlive/2025/texmf-dist/fonts/type1/public/amsfonts/cm/cmbx10.pfb
>
Output written on figure1.pdf (1 page, 1014711 bytes).
PDF statistics:
 28 PDF objects out of 1000 (max. 8388607)
 8 compressed objects within 1 object stream
 0 named destinations out of 1000 (max. 500000)
 36 words of extra memory for PDF output out of 10000 (max. 10000000)

